
*** Running vivado
    with args -log blk_mem_gen_0.vds -m64 -product Vivado -mode batch -messageDb vivado.pb -notrace -source blk_mem_gen_0.tcl


****** Vivado v2016.3 (64-bit)
  **** SW Build 1682563 on Mon Oct 10 19:07:27 MDT 2016
  **** IP Build 1681267 on Mon Oct 10 21:28:31 MDT 2016
    ** Copyright 1986-2016 Xilinx, Inc. All Rights Reserved.

source blk_mem_gen_0.tcl -notrace
Starting RTL Elaboration : Time (s): cpu = 00:00:07 ; elapsed = 00:00:09 . Memory (MB): peak = 292.902 ; gain = 83.219
INFO: [Synth 8-638] synthesizing module 'blk_mem_gen_0' [e:/Education/DOAN/BaoCao/MIPS_Processor2/MIPS_Processor2.srcs/sources_1/ip/blk_mem_gen_0/synth/blk_mem_gen_0.vhd:70]
INFO: [Synth 8-256] done synthesizing module 'blk_mem_gen_0' (9#1) [e:/Education/DOAN/BaoCao/MIPS_Processor2/MIPS_Processor2.srcs/sources_1/ip/blk_mem_gen_0/synth/blk_mem_gen_0.vhd:70]
Finished RTL Elaboration : Time (s): cpu = 00:00:46 ; elapsed = 00:00:51 . Memory (MB): peak = 492.605 ; gain = 282.922
Finished RTL Optimization Phase 1 : Time (s): cpu = 00:00:46 ; elapsed = 00:00:51 . Memory (MB): peak = 492.605 ; gain = 282.922
INFO: [Device 21-403] Loading part xc7z020clg484-1
Constraint Validation Runtime : Time (s): cpu = 00:00:00 ; elapsed = 00:00:00.067 . Memory (MB): peak = 571.938 ; gain = 0.000
Finished Constraint Validation : Time (s): cpu = 00:00:55 ; elapsed = 00:01:02 . Memory (MB): peak = 571.938 ; gain = 362.254
Finished Loading Part and Timing Information : Time (s): cpu = 00:00:55 ; elapsed = 00:01:02 . Memory (MB): peak = 571.938 ; gain = 362.254
Finished applying 'set_property' XDC Constraints : Time (s): cpu = 00:00:55 ; elapsed = 00:01:02 . Memory (MB): peak = 571.938 ; gain = 362.254
Finished RTL Optimization Phase 2 : Time (s): cpu = 00:00:56 ; elapsed = 00:01:02 . Memory (MB): peak = 571.938 ; gain = 362.254
Finished Cross Boundary and Area Optimization : Time (s): cpu = 00:00:56 ; elapsed = 00:01:02 . Memory (MB): peak = 571.938 ; gain = 362.254
Finished Applying XDC Timing Constraints : Time (s): cpu = 00:01:06 ; elapsed = 00:01:13 . Memory (MB): peak = 595.125 ; gain = 385.441
Finished Timing Optimization : Time (s): cpu = 00:01:06 ; elapsed = 00:01:13 . Memory (MB): peak = 595.125 ; gain = 385.441
Finished Technology Mapping : Time (s): cpu = 00:01:06 ; elapsed = 00:01:13 . Memory (MB): peak = 604.664 ; gain = 394.980
Finished IO Insertion : Time (s): cpu = 00:01:07 ; elapsed = 00:01:14 . Memory (MB): peak = 604.664 ; gain = 394.980
Finished Renaming Generated Instances : Time (s): cpu = 00:01:07 ; elapsed = 00:01:14 . Memory (MB): peak = 604.664 ; gain = 394.980
Finished Rebuilding User Hierarchy : Time (s): cpu = 00:01:07 ; elapsed = 00:01:14 . Memory (MB): peak = 604.664 ; gain = 394.980
Finished Renaming Generated Ports : Time (s): cpu = 00:01:07 ; elapsed = 00:01:14 . Memory (MB): peak = 604.664 ; gain = 394.980
Finished Handling Custom Attributes : Time (s): cpu = 00:01:07 ; elapsed = 00:01:14 . Memory (MB): peak = 604.664 ; gain = 394.980
Finished Renaming Generated Nets : Time (s): cpu = 00:01:07 ; elapsed = 00:01:14 . Memory (MB): peak = 604.664 ; gain = 394.980

Report Cell Usage: 
+------+---------+------+
|      |Cell     |Count |
+------+---------+------+
|1     |RAMB18E1 |     1|
+------+---------+------+
Finished Writing Synthesis Report : Time (s): cpu = 00:01:07 ; elapsed = 00:01:14 . Memory (MB): peak = 604.664 ; gain = 394.980
synth_design: Time (s): cpu = 00:01:06 ; elapsed = 00:01:12 . Memory (MB): peak = 634.426 ; gain = 419.480
